<?xml version="1.0" encoding="UTF-8"?>
<!-- Generated by org.testng.reporters.JUnitReportReporter -->
<testsuite hostname="LAPTOP-J71GRUG2" failures="0" tests="1" name="coupons.DiscountCoupon" time="28.310" errors="0" timestamp="2025-06-15T15:44:54 IST" skipped="0">
  <testcase classname="coupons.DiscountCoupon" name="applyDiscountCoupon" time="28.310"/>
</testsuite> <!-- coupons.DiscountCoupon -->
